d:\caitlynn\documents\uniwork\masters\mastersproject\masterproject-dx12raytracedrenderer\masterproject-dx12raytracedrenderer\x64\release\vc143.pdb
d:\caitlynn\documents\uniwork\masters\mastersproject\masterproject-dx12raytracedrenderer\masterproject-dx12raytracedrenderer\x64\release\win32wnd.obj
d:\caitlynn\documents\uniwork\masters\mastersproject\masterproject-dx12raytracedrenderer\masterproject-dx12raytracedrenderer\x64\release\timer.obj
d:\caitlynn\documents\uniwork\masters\mastersproject\masterproject-dx12raytracedrenderer\masterproject-dx12raytracedrenderer\x64\release\input.obj
d:\caitlynn\documents\uniwork\masters\mastersproject\masterproject-dx12raytracedrenderer\masterproject-dx12raytracedrenderer\x64\release\dx12renderer.obj
d:\caitlynn\documents\uniwork\masters\mastersproject\masterproject-dx12raytracedrenderer\x64\release\raygenshaders.cso
d:\caitlynn\documents\uniwork\masters\mastersproject\masterproject-dx12raytracedrenderer\x64\release\cube_ps.cso
d:\caitlynn\documents\uniwork\masters\mastersproject\masterproject-dx12raytracedrenderer\x64\release\cube_vs.cso
d:\caitlynn\documents\uniwork\masters\mastersproject\masterproject-dx12raytracedrenderer\x64\release\miss.cso
d:\caitlynn\documents\uniwork\masters\mastersproject\masterproject-dx12raytracedrenderer\x64\release\raygen.cso
d:\caitlynn\documents\uniwork\masters\mastersproject\masterproject-dx12raytracedrenderer\masterproject-dx12raytracedrenderer\x64\release\masterproject-dx12raytracedrenderer.vcxproj.cppwinrt_comp.cache
d:\caitlynn\documents\uniwork\masters\mastersproject\masterproject-dx12raytracedrenderer\masterproject-dx12raytracedrenderer\x64\release\masterproject-dx12raytracedrenderer.vcxproj.cppwinrt_plat.cache
d:\caitlynn\documents\uniwork\masters\mastersproject\masterproject-dx12raytracedrenderer\masterproject-dx12raytracedrenderer\x64\release\masterproject-dx12raytracedrenderer.vcxproj.mdmergeinputs.cache
d:\caitlynn\documents\uniwork\masters\mastersproject\masterproject-dx12raytracedrenderer\masterproject-dx12raytracedrenderer\x64\release\masterproject-dx12raytracedrenderer.ipdb
d:\caitlynn\documents\uniwork\masters\mastersproject\masterproject-dx12raytracedrenderer\masterproject-dx12raytracedrenderer\x64\release\masterproject-dx12raytracedrenderer.vcxproj.cppwinrt_comp.rsp
d:\caitlynn\documents\uniwork\masters\mastersproject\masterproject-dx12raytracedrenderer\masterproject-dx12raytracedrenderer\x64\release\masterproject-dx12raytracedrenderer.vcxproj.cppwinrt_plat.rsp
d:\caitlynn\documents\uniwork\masters\mastersproject\masterproject-dx12raytracedrenderer\masterproject-dx12raytracedrenderer\x64\release\masterproject-dx12raytracedrenderer.vcxproj.mdmerge.rsp
d:\caitlynn\documents\uniwork\masters\mastersproject\masterproject-dx12raytracedrenderer\masterproject-dx12raytracedrenderer\x64\release\masterproject-dx12raytracedrenderer.vcxproj.midlrt.rsp
d:\caitlynn\documents\uniwork\masters\mastersproject\masterproject-dx12raytracedrenderer\masterproject-dx12raytracedrenderer\x64\release\masterpr.b878c9be.tlog\cl.command.1.tlog
d:\caitlynn\documents\uniwork\masters\mastersproject\masterproject-dx12raytracedrenderer\masterproject-dx12raytracedrenderer\x64\release\masterpr.b878c9be.tlog\cl.read.1.tlog
d:\caitlynn\documents\uniwork\masters\mastersproject\masterproject-dx12raytracedrenderer\masterproject-dx12raytracedrenderer\x64\release\masterpr.b878c9be.tlog\cl.write.1.tlog
d:\caitlynn\documents\uniwork\masters\mastersproject\masterproject-dx12raytracedrenderer\masterproject-dx12raytracedrenderer\x64\release\masterpr.b878c9be.tlog\dxc.command.1.tlog
d:\caitlynn\documents\uniwork\masters\mastersproject\masterproject-dx12raytracedrenderer\masterproject-dx12raytracedrenderer\x64\release\masterpr.b878c9be.tlog\dxc.read.1.tlog
d:\caitlynn\documents\uniwork\masters\mastersproject\masterproject-dx12raytracedrenderer\masterproject-dx12raytracedrenderer\x64\release\masterpr.b878c9be.tlog\dxc.write.1.tlog
d:\caitlynn\documents\uniwork\masters\mastersproject\masterproject-dx12raytracedrenderer\masterproject-dx12raytracedrenderer\x64\release\masterpr.b878c9be.tlog\fxc.command.1.tlog
d:\caitlynn\documents\uniwork\masters\mastersproject\masterproject-dx12raytracedrenderer\masterproject-dx12raytracedrenderer\x64\release\masterpr.b878c9be.tlog\fxc.read.1.tlog
d:\caitlynn\documents\uniwork\masters\mastersproject\masterproject-dx12raytracedrenderer\masterproject-dx12raytracedrenderer\x64\release\masterpr.b878c9be.tlog\fxc.write.1.tlog
d:\caitlynn\documents\uniwork\masters\mastersproject\masterproject-dx12raytracedrenderer\masterproject-dx12raytracedrenderer\x64\release\masterpr.b878c9be.tlog\link.command.1.tlog
d:\caitlynn\documents\uniwork\masters\mastersproject\masterproject-dx12raytracedrenderer\masterproject-dx12raytracedrenderer\x64\release\masterpr.b878c9be.tlog\link.read.1.tlog
d:\caitlynn\documents\uniwork\masters\mastersproject\masterproject-dx12raytracedrenderer\masterproject-dx12raytracedrenderer\x64\release\masterpr.b878c9be.tlog\link.read.13.tlog
d:\caitlynn\documents\uniwork\masters\mastersproject\masterproject-dx12raytracedrenderer\masterproject-dx12raytracedrenderer\x64\release\masterpr.b878c9be.tlog\link.write.1.tlog
